<?xml version="1.0" encoding="UTF-8"?>
<coverage generated="1618904663474" clover="3.2.0">
  <project timestamp="1618904663475" name="All files">
    <metrics statements="46" coveredstatements="31" conditionals="10" coveredconditionals="5" methods="14" coveredmethods="13" elements="70" coveredelements="49" complexity="0" loc="46" ncloc="46" packages="1" files="5" classes="5">
      <file name="TodoApp.js" path="C:\Workspace\React Training\react-testing-library-todo-example\src\TodoApp.js">
        <metrics statements="14" coveredstatements="8" conditionals="2" coveredconditionals="0" methods="5" coveredmethods="4"/>
        <line num="7" count="5" type="stmt"/>
        <line num="9" count="5" type="stmt"/>
        <line num="10" count="1" type="stmt"/>
        <line num="21" count="5" type="stmt"/>
        <line num="22" count="3" type="stmt"/>
        <line num="23" count="1" type="stmt"/>
        <line num="26" count="5" type="stmt"/>
        <line num="27" count="0" type="stmt"/>
        <line num="28" count="0" type="stmt"/>
        <line num="30" count="0" type="stmt"/>
        <line num="31" count="0" type="stmt"/>
        <line num="32" count="0" type="cond" truecount="0" falsecount="2"/>
        <line num="33" count="0" type="stmt"/>
        <line num="36" count="5" type="stmt"/>
      </file>
      <file name="TodoForm.js" path="C:\Workspace\React Training\react-testing-library-todo-example\src\TodoForm.js">
        <metrics statements="13" coveredstatements="13" conditionals="6" coveredconditionals="4" methods="4" coveredmethods="4"/>
        <line num="5" count="12" type="stmt"/>
        <line num="7" count="12" type="stmt"/>
        <line num="8" count="3" type="stmt"/>
        <line num="11" count="12" type="stmt"/>
        <line num="12" count="3" type="cond" truecount="3" falsecount="1"/>
        <line num="13" count="3" type="stmt"/>
        <line num="14" count="3" type="stmt"/>
        <line num="17" count="12" type="stmt"/>
        <line num="18" count="1" type="stmt"/>
        <line num="19" count="1" type="cond" truecount="1" falsecount="1"/>
        <line num="20" count="1" type="stmt"/>
        <line num="24" count="12" type="stmt"/>
        <line num="46" count="2" type="stmt"/>
      </file>
      <file name="TodoList.js" path="C:\Workspace\React Training\react-testing-library-todo-example\src\TodoList.js">
        <metrics statements="3" coveredstatements="3" conditionals="0" coveredconditionals="0" methods="2" coveredmethods="2"/>
        <line num="5" count="5" type="stmt"/>
        <line num="6" count="5" type="stmt"/>
        <line num="10" count="15" type="stmt"/>
      </file>
      <file name="TodoListItem.js" path="C:\Workspace\React Training\react-testing-library-todo-example\src\TodoListItem.js">
        <metrics statements="7" coveredstatements="7" conditionals="2" coveredconditionals="1" methods="3" coveredmethods="3"/>
        <line num="13" count="2" type="stmt"/>
        <line num="14" count="2" type="stmt"/>
        <line num="18" count="1" type="stmt"/>
        <line num="19" count="1" type="stmt"/>
        <line num="23" count="16" type="stmt"/>
        <line num="24" count="16" type="cond" truecount="1" falsecount="1"/>
        <line num="25" count="16" type="stmt"/>
      </file>
      <file name="index.js" path="C:\Workspace\React Training\react-testing-library-todo-example\src\index.js">
        <metrics statements="9" coveredstatements="0" conditionals="0" coveredconditionals="0" methods="0" coveredmethods="0"/>
        <line num="1" count="0" type="stmt"/>
        <line num="2" count="0" type="stmt"/>
        <line num="3" count="0" type="stmt"/>
        <line num="4" count="0" type="stmt"/>
        <line num="6" count="0" type="stmt"/>
        <line num="7" count="0" type="stmt"/>
        <line num="8" count="0" type="stmt"/>
        <line num="9" count="0" type="stmt"/>
        <line num="11" count="0" type="stmt"/>
      </file>
    </metrics>
  </project>
</coverage>
