{"C:\\Workspace\\React Training\\react-testing-library-todo-example\\src\\TodoApp.js": {"path":"C:\\Workspace\\React Training\\react-testing-library-todo-example\\src\\TodoApp.js","statementMap":{"0":{"start":{"line":7,"column":36},"end":{"line":7,"column":57}},"1":{"start":{"line":9,"column":18},"end":{"line":19,"column":3}},"2":{"start":{"line":10,"column":4},"end":{"line":18,"column":7}},"3":{"start":{"line":21,"column":21},"end":{"line":24,"column":3}},"4":{"start":{"line":22,"column":18},"end":{"line":22,"column":72}},"5":{"start":{"line":22,"column":52},"end":{"line":22,"column":71}},"6":{"start":{"line":23,"column":4},"end":{"line":23,"column":24}},"7":{"start":{"line":26,"column":23},"end":{"line":34,"column":3}},"8":{"start":{"line":27,"column":21},"end":{"line":27,"column":35}},"9":{"start":{"line":28,"column":17},"end":{"line":28,"column":36}},"10":{"start":{"line":30,"column":4},"end":{"line":30,"column":34}},"11":{"start":{"line":31,"column":4},"end":{"line":31,"column":27}},"12":{"start":{"line":32,"column":4},"end":{"line":32,"column":61}},"13":{"start":{"line":33,"column":4},"end":{"line":33,"column":27}},"14":{"start":{"line":36,"column":2},"end":{"line":46,"column":4}}},"fnMap":{"0":{"name":"TodoApp","decl":{"start":{"line":6,"column":24},"end":{"line":6,"column":31}},"loc":{"start":{"line":6,"column":39},"end":{"line":47,"column":1}},"line":6},"1":{"name":"(anonymous_1)","decl":{"start":{"line":9,"column":18},"end":{"line":9,"column":19}},"loc":{"start":{"line":9,"column":32},"end":{"line":19,"column":3}},"line":9},"2":{"name":"(anonymous_2)","decl":{"start":{"line":21,"column":21},"end":{"line":21,"column":22}},"loc":{"start":{"line":21,"column":36},"end":{"line":24,"column":3}},"line":21},"3":{"name":"(anonymous_3)","decl":{"start":{"line":22,"column":35},"end":{"line":22,"column":36}},"loc":{"start":{"line":22,"column":52},"end":{"line":22,"column":71}},"line":22},"4":{"name":"(anonymous_4)","decl":{"start":{"line":26,"column":23},"end":{"line":26,"column":24}},"loc":{"start":{"line":26,"column":38},"end":{"line":34,"column":3}},"line":26}},"branchMap":{"0":{"loc":{"start":{"line":32,"column":4},"end":{"line":32,"column":60}},"type":"cond-expr","locations":[{"start":{"line":32,"column":16},"end":{"line":32,"column":35}},{"start":{"line":32,"column":38},"end":{"line":32,"column":60}}],"line":32}},"s":{"0":5,"1":5,"2":1,"3":5,"4":1,"5":3,"6":1,"7":5,"8":0,"9":0,"10":0,"11":0,"12":0,"13":0,"14":5},"f":{"0":5,"1":1,"2":1,"3":3,"4":0},"b":{"0":[0,0]},"_coverageSchema":"332fd63041d2c1bcb487cc26dd0d5f7d97098a6c","hash":"0c519f7831ae529834efff5848da09ecca9beead"}
,"C:\\Workspace\\React Training\\react-testing-library-todo-example\\src\\TodoForm.js": {"path":"C:\\Workspace\\React Training\\react-testing-library-todo-example\\src\\TodoForm.js","statementMap":{"0":{"start":{"line":5,"column":28},"end":{"line":5,"column":40}},"1":{"start":{"line":7,"column":23},"end":{"line":9,"column":3}},"2":{"start":{"line":8,"column":4},"end":{"line":8,"column":33}},"3":{"start":{"line":11,"column":18},"end":{"line":16,"column":3}},"4":{"start":{"line":12,"column":4},"end":{"line":15,"column":5}},"5":{"start":{"line":13,"column":6},"end":{"line":13,"column":47}},"6":{"start":{"line":14,"column":6},"end":{"line":14,"column":19}},"7":{"start":{"line":17,"column":25},"end":{"line":22,"column":3}},"8":{"start":{"line":18,"column":4},"end":{"line":18,"column":41}},"9":{"start":{"line":19,"column":4},"end":{"line":21,"column":5}},"10":{"start":{"line":20,"column":6},"end":{"line":20,"column":16}},"11":{"start":{"line":24,"column":2},"end":{"line":43,"column":4}},"12":{"start":{"line":46,"column":0},"end":{"line":48,"column":2}}},"fnMap":{"0":{"name":"TodoForm","decl":{"start":{"line":4,"column":24},"end":{"line":4,"column":32}},"loc":{"start":{"line":4,"column":40},"end":{"line":44,"column":1}},"line":4},"1":{"name":"(anonymous_1)","decl":{"start":{"line":7,"column":23},"end":{"line":7,"column":24}},"loc":{"start":{"line":7,"column":34},"end":{"line":9,"column":3}},"line":7},"2":{"name":"(anonymous_2)","decl":{"start":{"line":11,"column":18},"end":{"line":11,"column":19}},"loc":{"start":{"line":11,"column":24},"end":{"line":16,"column":3}},"line":11},"3":{"name":"(anonymous_3)","decl":{"start":{"line":17,"column":25},"end":{"line":17,"column":26}},"loc":{"start":{"line":17,"column":36},"end":{"line":22,"column":3}},"line":17}},"branchMap":{"0":{"loc":{"start":{"line":12,"column":4},"end":{"line":15,"column":5}},"type":"if","locations":[{"start":{"line":12,"column":4},"end":{"line":15,"column":5}},{"start":{"line":12,"column":4},"end":{"line":15,"column":5}}],"line":12},"1":{"loc":{"start":{"line":12,"column":8},"end":{"line":12,"column":29}},"type":"binary-expr","locations":[{"start":{"line":12,"column":8},"end":{"line":12,"column":13}},{"start":{"line":12,"column":17},"end":{"line":12,"column":29}}],"line":12},"2":{"loc":{"start":{"line":19,"column":4},"end":{"line":21,"column":5}},"type":"if","locations":[{"start":{"line":19,"column":4},"end":{"line":21,"column":5}},{"start":{"line":19,"column":4},"end":{"line":21,"column":5}}],"line":19}},"s":{"0":12,"1":12,"2":3,"3":12,"4":3,"5":3,"6":3,"7":12,"8":1,"9":1,"10":1,"11":12,"12":2},"f":{"0":12,"1":3,"2":3,"3":1},"b":{"0":[3,0],"1":[3,3],"2":[1,0]},"_coverageSchema":"332fd63041d2c1bcb487cc26dd0d5f7d97098a6c","hash":"015f74a204d7f210af3041c1ca6d63728270152b"}
,"C:\\Workspace\\React Training\\react-testing-library-todo-example\\src\\TodoList.js": {"path":"C:\\Workspace\\React Training\\react-testing-library-todo-example\\src\\TodoList.js","statementMap":{"0":{"start":{"line":5,"column":46},"end":{"line":5,"column":51}},"1":{"start":{"line":6,"column":4},"end":{"line":14,"column":5}},"2":{"start":{"line":10,"column":37},"end":{"line":10,"column":110}}},"fnMap":{"0":{"name":"TodoList","decl":{"start":{"line":4,"column":24},"end":{"line":4,"column":32}},"loc":{"start":{"line":4,"column":39},"end":{"line":15,"column":1}},"line":4},"1":{"name":"(anonymous_1)","decl":{"start":{"line":10,"column":20},"end":{"line":10,"column":21}},"loc":{"start":{"line":10,"column":37},"end":{"line":10,"column":110}},"line":10}},"branchMap":{},"s":{"0":5,"1":5,"2":15},"f":{"0":5,"1":15},"b":{},"_coverageSchema":"332fd63041d2c1bcb487cc26dd0d5f7d97098a6c","hash":"187da4f5d1ea5259c1e7f642c13136468aba36e4"}
,"C:\\Workspace\\React Training\\react-testing-library-todo-example\\src\\TodoListItem.js": {"path":"C:\\Workspace\\React Training\\react-testing-library-todo-example\\src\\TodoListItem.js","statementMap":{"0":{"start":{"line":13,"column":32},"end":{"line":13,"column":42}},"1":{"start":{"line":14,"column":4},"end":{"line":14,"column":22}},"2":{"start":{"line":18,"column":34},"end":{"line":18,"column":44}},"3":{"start":{"line":19,"column":4},"end":{"line":19,"column":24}},"4":{"start":{"line":23,"column":19},"end":{"line":23,"column":29}},"5":{"start":{"line":24,"column":22},"end":{"line":24,"column":51}},"6":{"start":{"line":25,"column":4},"end":{"line":33,"column":6}}},"fnMap":{"0":{"name":"(anonymous_0)","decl":{"start":{"line":12,"column":17},"end":{"line":12,"column":18}},"loc":{"start":{"line":12,"column":23},"end":{"line":15,"column":3}},"line":12},"1":{"name":"(anonymous_1)","decl":{"start":{"line":17,"column":16},"end":{"line":17,"column":17}},"loc":{"start":{"line":17,"column":22},"end":{"line":20,"column":3}},"line":17},"2":{"name":"(anonymous_2)","decl":{"start":{"line":22,"column":2},"end":{"line":22,"column":3}},"loc":{"start":{"line":22,"column":11},"end":{"line":34,"column":3}},"line":22}},"branchMap":{"0":{"loc":{"start":{"line":24,"column":22},"end":{"line":24,"column":51}},"type":"cond-expr","locations":[{"start":{"line":24,"column":34},"end":{"line":24,"column":40}},{"start":{"line":24,"column":43},"end":{"line":24,"column":51}}],"line":24}},"s":{"0":2,"1":2,"2":1,"3":1,"4":16,"5":16,"6":16},"f":{"0":2,"1":1,"2":16},"b":{"0":[0,16]},"_coverageSchema":"332fd63041d2c1bcb487cc26dd0d5f7d97098a6c","hash":"661480d3eda4bda61359e7cbe20375d61a616602"}
,"C:\\Workspace\\React Training\\react-testing-library-todo-example\\src\\index.js": {"path":"C:\\Workspace\\React Training\\react-testing-library-todo-example\\src\\index.js","statementMap":{"0":{"start":{"line":1,"column":0},"end":{"line":null,"column":-1}},"1":{"start":{"line":2,"column":0},"end":{"line":null,"column":-1}},"2":{"start":{"line":3,"column":0},"end":{"line":null,"column":-1}},"3":{"start":{"line":4,"column":0},"end":{"line":null,"column":-1}},"4":{"start":{"line":6,"column":18},"end":{"line":6,"column":0}},"5":{"start":{"line":7,"column":0},"end":{"line":null,"column":-1}},"6":{"start":{"line":8,"column":0},"end":{"line":null,"column":-1}},"7":{"start":{"line":9,"column":0},"end":{"line":null,"column":-1}},"8":{"start":{"line":11,"column":0},"end":{"line":null,"column":-1}}},"fnMap":{},"branchMap":{},"s":{"0":0,"1":0,"2":0,"3":0,"4":0,"5":0,"6":0,"7":0,"8":0},"f":{},"b":{}}
}
