TN:
SF:C:\Workspace\React Training\react-testing-library-todo-example\src\TodoApp.js
FN:6,TodoApp
FN:9,(anonymous_1)
FN:21,(anonymous_2)
FN:22,(anonymous_3)
FN:26,(anonymous_4)
FNF:5
FNH:4
FNDA:5,TodoApp
FNDA:1,(anonymous_1)
FNDA:1,(anonymous_2)
FNDA:3,(anonymous_3)
FNDA:0,(anonymous_4)
DA:7,5
DA:9,5
DA:10,1
DA:21,5
DA:22,3
DA:23,1
DA:26,5
DA:27,0
DA:28,0
DA:30,0
DA:31,0
DA:32,0
DA:33,0
DA:36,5
LF:14
LH:8
BRDA:32,0,0,0
BRDA:32,0,1,0
BRF:2
BRH:0
end_of_record
TN:
SF:C:\Workspace\React Training\react-testing-library-todo-example\src\TodoForm.js
FN:4,TodoForm
FN:7,(anonymous_1)
FN:11,(anonymous_2)
FN:17,(anonymous_3)
FNF:4
FNH:4
FNDA:12,TodoForm
FNDA:3,(anonymous_1)
FNDA:3,(anonymous_2)
FNDA:1,(anonymous_3)
DA:5,12
DA:7,12
DA:8,3
DA:11,12
DA:12,3
DA:13,3
DA:14,3
DA:17,12
DA:18,1
DA:19,1
DA:20,1
DA:24,12
DA:46,2
LF:13
LH:13
BRDA:12,0,0,3
BRDA:12,0,1,0
BRDA:12,1,0,3
BRDA:12,1,1,3
BRDA:19,2,0,1
BRDA:19,2,1,0
BRF:6
BRH:4
end_of_record
TN:
SF:C:\Workspace\React Training\react-testing-library-todo-example\src\TodoList.js
FN:4,TodoList
FN:10,(anonymous_1)
FNF:2
FNH:2
FNDA:5,TodoList
FNDA:15,(anonymous_1)
DA:5,5
DA:6,5
DA:10,15
LF:3
LH:3
BRF:0
BRH:0
end_of_record
TN:
SF:C:\Workspace\React Training\react-testing-library-todo-example\src\TodoListItem.js
FN:12,(anonymous_0)
FN:17,(anonymous_1)
FN:22,(anonymous_2)
FNF:3
FNH:3
FNDA:2,(anonymous_0)
FNDA:1,(anonymous_1)
FNDA:16,(anonymous_2)
DA:13,2
DA:14,2
DA:18,1
DA:19,1
DA:23,16
DA:24,16
DA:25,16
LF:7
LH:7
BRDA:24,0,0,0
BRDA:24,0,1,16
BRF:2
BRH:1
end_of_record
TN:
SF:C:\Workspace\React Training\react-testing-library-todo-example\src\index.js
FNF:0
FNH:0
DA:1,0
DA:2,0
DA:3,0
DA:4,0
DA:6,0
DA:7,0
DA:8,0
DA:9,0
DA:11,0
LF:9
LH:0
BRF:0
BRH:0
end_of_record
